<?xml version="1.0" encoding="UTF-8"?>
<testsuite name="RectangleTest" tests="3" skipped="0" failures="0" errors="0" timestamp="2015-08-17T17:20:34" hostname="epicodus-114.local" time="0.0">
  <properties/>
  <testcase name="isSquare_WhenASquare_true" classname="RectangleTest" time="0.0"/>
  <testcase name="newRectangle_instatiatesCorrectly" classname="RectangleTest" time="0.0"/>
  <testcase name="isSquare_whenNotASquare_false" classname="RectangleTest" time="0.0"/>
  <system-out><![CDATA[]]></system-out>
  <system-err><![CDATA[]]></system-err>
</testsuite>
